生成启动时间为 2012-11-11 19:47:24。
     1>项目“C:\Documents and Settings\Administrator\桌面\新建文件夹\Graphicslee\Graphicslee\Graphicslee.vcxproj”在节点 2 上(build 个目标)。
     1>InitializeBuildStatus:
         正在创建“Debug\Graphicslee.unsuccessfulbuild”，因为已指定“AlwaysCreate”。
       ClCompile:
         所有输出均为最新。
         d:\lee's softwares\visual stdio 2010安装文件\VC\bin\CL.exe /c /ZI /nologo /W3 /WX- /Od /Oy- /D WIN32 /D _WINDOWS /D _DEBUG /D _MBCS /D _AFXDLL /Gm /EHsc /RTC1 /MDd /GS /fp:precise /Zc:wchar_t /Zc:forScope /Yu"StdAfx.h" /Fp"Debug\Graphicslee.pch" /Fo"Debug\\" /Fd"Debug\vc100.pdb" /Gd /TP /analyze- /errorReport:prompt Graphicslee.cpp
         Graphicslee.cpp
       ResourceCompile:
         所有输出均为最新。
       ManifestResourceCompile:
         所有输出均为最新。
       Link:
         d:\lee's softwares\visual stdio 2010安装文件\VC\bin\link.exe /ERRORREPORT:PROMPT /OUT:"C:\Documents and Settings\Administrator\桌面\新建文件夹\Graphicslee\Debug\Graphicslee.exe" /INCREMENTAL /NOLOGO /MANIFEST /ManifestFile:"Debug\Graphicslee.exe.intermediate.manifest" /MANIFESTUAC:"level='asInvoker' uiAccess='false'" /DEBUG /PDB:"C:\Documents and Settings\Administrator\桌面\新建文件夹\Graphicslee\Debug\Graphicslee.pdb" /SUBSYSTEM:WINDOWS /TLBID:1 /DYNAMICBASE /NXCOMPAT /IMPLIB:"C:\Documents and Settings\Administrator\桌面\新建文件夹\Graphicslee\Debug\Graphicslee.lib" /MACHINE:X86 Debug\Graphicslee.res
         Debug\Graphicslee.exe.embed.manifest.res
         Debug\CWMPCdromCollection.obj
         Debug\CWMPClosedCaption.obj
         Debug\CWMPClosedCaption2.obj
         Debug\CWMPControls.obj
         Debug\CWMPControls2.obj
         Debug\CWMPControls3.obj
         Debug\CWMPDVD.obj
         Debug\CWMPError.obj
         Debug\CWMPErrorItem.obj
         Debug\CWMPErrorItem2.obj
         Debug\CWMPMedia.obj
         Debug\CWMPMedia2.obj
         Debug\CWMPMedia3.obj
         Debug\CWMPMediaCollection.obj
         Debug\CWMPMetadataPicture.obj
         Debug\CWMPMetadataText.obj
         Debug\CWMPPlayer.obj
         Debug\CWMPPlayer2.obj
         Debug\CWMPPlayer3.obj
         Debug\CWMPPlayer4.obj
         Debug\CWMPPlaylist.obj
         Debug\CWMPPlaylistCollection.obj
         Debug\CWMPSettings.obj
         Debug\CWMPSettings2.obj
         Debug\FetchColorDlg.obj
         Debug\FetchObj.obj
         Debug\Graphicslee.obj
         Debug\GraphicsleeDoc.obj
         Debug\GraphicsleeView.obj
         Debug\MainFrm.obj
         Debug\MedPlyDlg.obj
         Debug\ocx1.obj
         Debug\PicShow.obj
         Debug\ReverseColorDlg.obj
         Debug\SettingDlg.obj
         Debug\Splash1.obj
         Debug\stdafx.obj
       Manifest:
         C:\Program Files\Microsoft SDKs\Windows\v7.0A\bin\mt.exe /nologo /verbose /out:"Debug\Graphicslee.exe.embed.manifest" /manifest Debug\Graphicslee.exe.intermediate.manifest "d:\lee's softwares\visual stdio 2010安装文件\VC\Include\Manifest\dpiaware.manifest"
         所有输出均为最新。
       LinkEmbedManifest:
         所有输出均为最新。
         Graphicslee.vcxproj -> C:\Documents and Settings\Administrator\桌面\新建文件夹\Graphicslee\Debug\Graphicslee.exe
       FinalizeBuildStatus:
         正在删除文件“Debug\Graphicslee.unsuccessfulbuild”。
         正在对“Debug\Graphicslee.lastbuildstate”执行 Touch 任务。
     1>已完成生成项目“C:\Documents and Settings\Administrator\桌面\新建文件夹\Graphicslee\Graphicslee\Graphicslee.vcxproj”(build 个目标)的操作。

生成成功。

已用时间 00:00:02.17
